#
# A fatal error has been detected by the Java Runtime Environment:
#
#  EXCEPTION_ACCESS_VIOLATION (0xc0000005) at pc=0x00007ffd8918e4d0, pid=24016, tid=21852
#
# JRE version: Java(TM) SE Runtime Environment (19.0.1+10) (build 19.0.1+10-21)
# Java VM: Java HotSpot(TM) 64-Bit Server VM (19.0.1+10-21, mixed mode, emulated-client, sharing, tiered, compressed oops, compressed class ptrs, g1 gc, windows-amd64)
# Problematic frame:
# V  [jvm.dll+0x69e4d0]
#
# No core dump will be written. Minidumps are not enabled by default on client versions of Windows
#
# If you would like to submit a bug report, please visit:
#   https://bugreport.java.com/bugreport/crash.jsp
#

---------------  S U M M A R Y ------------

Command Line: -Dcom.sun.management.jmxremote -Dcom.sun.management.jmxremote.port=59645 -Dcom.sun.management.jmxremote.authenticate=false -Dcom.sun.management.jmxremote.ssl=false -Djava.rmi.server.hostname=localhost -Dspring.jmx.enabled=true -Dmanagement.endpoints.jmx.exposure.include=* -Dspring.application.admin.enabled=true -XX:TieredStopAtLevel=1 -Dspring.boot.project.name=mmsystem -Dfile.encoding=UTF-8 -XX:+ShowCodeDetailsInExceptionMessages com.mmsystem.property.MmsystemApplication --spring.output.ansi.enabled=always

Host: Intel(R) Core(TM) i7-8850H CPU @ 2.60GHz, 12 cores, 15G,  Windows 11 , 64 bit Build 22621 (10.0.22621.1928)
Time: Mon Jul 17 17:58:01 2023 Eastern Daylight Time elapsed time: 2403.321996 seconds (0d 0h 40m 3s)

---------------  T H R E A D  ---------------

Current thread (0x0000025da8a7b180):  WorkerThread "GC Thread#5" [stack: 0x00000077a1f00000,0x00000077a2000000] [id=21852]

Stack: [0x00000077a1f00000,0x00000077a2000000],  sp=0x00000077a1ffe228,  free space=1016k
Native frames: (J=compiled Java code, j=interpreted, Vv=VM code, C=native code)
V  [jvm.dll+0x69e4d0]

JavaThread 0x0000025da3de8440 (nid = 1444) was being processed
Java frames: (J=compiled Java code, j=interpreted, Vv=VM code)

[error occurred during error reporting (printing target Java thread stack), id 0xc0000005, EXCEPTION_ACCESS_VIOLATION (0xc0000005) at pc=0x00007ffd89191dda]


siginfo: EXCEPTION_ACCESS_VIOLATION (0xc0000005), reading address 0x0000007700000037


Registers:
RAX=0x00000077a0bfeeb0, RBX=0x0000025da8a86de0, RCX=0x000000770000000f, RDX=0x0000000000000000
RSP=0x00000077a1ffe228, RBP=0x00000077a1ffe330, RSI=0x00000077a1ffe510, RDI=0x0000025daa6c6d38
R8 =0x00000077a1ffe548, R9 =0x0000000000000001, R10=0x0000025d94950000, R11=0x00000077a1ffe3b8
R12=0x0000025da3ee5ee8, R13=0x00000000000003d8, R14=0x00000077a1ffe548, R15=0x0000025da8a7b180
RIP=0x00007ffd8918e4d0, EFLAGS=0x0000000000010202


Register to memory mapping:

RIP=0x00007ffd8918e4d0 jvm.dll
RAX=0x00000077a0bfeeb0 is pointing into the stack for thread: 0x0000025da3de8440
RBX=0x0000025da8a86de0 points into unknown readable memory: 0x0000000000000000 | 00 00 00 00 00 00 00 00
RCX=0x000000770000000f is an unknown value
RDX=0x0 is NULL
RSP=0x00000077a1ffe228 points into unknown readable memory: 0x00007ffd88e0857d | 7d 85 e0 88 fd 7f 00 00
RBP=0x00000077a1ffe330 points into unknown readable memory: 0x0000000800141438 | 38 14 14 00 08 00 00 00
RSI=0x00000077a1ffe510 points into unknown readable memory: 0x00000077a0bfee30 | 30 ee bf a0 77 00 00 00
RDI=0x0000025daa6c6d38 points into unknown readable memory: 0x00007ffd89487bb8 | b8 7b 48 89 fd 7f 00 00
R8 =0x00000077a1ffe548 points into unknown readable memory: 0x00000077a13f6338 | 38 63 3f a1 77 00 00 00
R9 =0x0000000000000001 is an unknown value
R10=0x0000025d94950000 points into unknown readable memory: 0x0000000000000006 | 06 00 00 00 00 00 00 00
R11=0x00000077a1ffe3b8 points into unknown readable memory: 0x00007ffd88e0822d | 2d 82 e0 88 fd 7f 00 00
R12=0x0000025da3ee5ee8 points into unknown readable memory: 0x80000c00dc92e4ae | ae e4 92 dc 00 0c 00 80
R13=0x00000000000003d8 is an unknown value
R14=0x00000077a1ffe548 points into unknown readable memory: 0x00000077a13f6338 | 38 63 3f a1 77 00 00 00
R15=0x0000025da8a7b180 points into unknown readable memory: 0x00007ffd89519f08 | 08 9f 51 89 fd 7f 00 00


Top of Stack: (sp=0x00000077a1ffe228)
0x00000077a1ffe228:   00007ffd88e0857d 00000077a1ffe330
0x00000077a1ffe238:   0000025da8a86de0 0000025daa6c6de0
0x00000077a1ffe248:   00000077a1ffe510 00000008952f1001
0x00000077a1ffe258:   000000770000000f 0000025da8a7b180
0x00000077a1ffe268:   000000770000000f 0000000000000000
0x00000077a1ffe278:   0000025daae9d6f0 0000000000000000
0x00000077a1ffe288:   0000025d952f15d8 00000008007b9ca8
0x00000077a1ffe298:   0000025d000000b8 0000000800141438
0x00000077a1ffe2a8:   00007ffd8947de90 00000077a1ffe510
0x00000077a1ffe2b8:   0000025daa6c6d38 0000000300000001
0x00000077a1ffe2c8:   0000025d952f15e0 0000025d952f2de0
0x00000077a1ffe2d8:   0000025d952f15e0 0000025d952f2de0
0x00000077a1ffe2e8:   0000025d952f3118 00007ffd894645d8
0x00000077a1ffe2f8:   00000077a1ffe280 000000000000000c
0x00000077a1ffe308:   0000000000000000 0000025d952f1090
0x00000077a1ffe318:   00007ffd88e18ea4 0000025daae9d640 

Instructions: (pc=0x00007ffd8918e4d0)
0x00007ffd8918e3d0:   b6 88 b2 00 00 00 c0 e9 03 f6 c1 01 75 07 c7 47
0x00007ffd8918e3e0:   2c fd ff ff ff 48 39 77 38 74 04 48 89 77 38 48
0x00007ffd8918e3f0:   8b 47 50 48 85 c0 74 04 48 89 77 50 48 89 77 20
0x00007ffd8918e400:   48 89 77 40 90 48 8b 47 38 48 89 47 50 90 48 89
0x00007ffd8918e410:   77 48 40 f6 c5 01 74 11 48 8b cf e8 00 06 00 00
0x00007ffd8918e420:   48 89 77 60 eb 03 48 8b fe 48 8b 6c 24 40 48 8b
0x00007ffd8918e430:   c7 48 8b 5c 24 48 48 8b 74 24 50 48 8b 7c 24 58
0x00007ffd8918e440:   48 83 c4 30 41 5e c3 cc cc cc cc cc cc cc cc cc
0x00007ffd8918e450:   4c 8b 41 18 48 8b 51 10 4d 85 c0 74 09 41 0f b6
0x00007ffd8918e460:   40 0c 24 01 75 10 48 85 d2 74 11 0f b6 82 d0 00
0x00007ffd8918e470:   00 00 24 01 74 06 b8 00 00 00 40 c3 33 c0 4d 85
0x00007ffd8918e480:   c0 74 08 41 8b 48 0c d1 e9 eb 02 8b c8 48 85 d2
0x00007ffd8918e490:   74 08 8b 82 d0 00 00 00 d1 e8 03 c1 c3 cc cc cc
0x00007ffd8918e4a0:   8b 41 28 c1 e8 08 a8 01 74 08 48 85 d2 75 03 33
0x00007ffd8918e4b0:   c0 c3 2b 51 08 8d 42 c8 c3 cc cc cc cc cc cc cc
0x00007ffd8918e4c0:   48 8b 41 08 48 83 c0 38 48 63 d2 48 03 c2 c3 cc
0x00007ffd8918e4d0:   8b 41 28 c1 e8 08 a8 01 74 0e 48 85 d2 75 09 48
0x00007ffd8918e4e0:   8b 41 08 48 83 c0 38 c3 48 8b c2 c3 cc cc cc cc
0x00007ffd8918e4f0:   48 89 74 24 10 57 48 83 ec 20 80 3d 21 d7 52 00
0x00007ffd8918e500:   00 48 8b f2 48 8b f9 75 72 48 89 5c 24 30 48 8b
0x00007ffd8918e510:   1d 73 1f 55 00 48 85 db 74 08 48 8b cb e8 ae 13
0x00007ffd8918e520:   02 00 48 8b 07 48 83 78 10 00 75 3d 48 8b 40 08
0x00007ffd8918e530:   4c 8b c6 48 8b d7 48 8b 48 08 48 8b 41 18 48 8b
0x00007ffd8918e540:   88 98 00 00 00 e8 e6 6f 00 00 48 83 7e 08 00 48
0x00007ffd8918e550:   8b c8 74 0e e8 b7 d4 bb ff c6 05 c2 d6 52 00 01
0x00007ffd8918e560:   eb 07 48 8b 07 48 89 48 10 48 85 db 74 08 48 8b
0x00007ffd8918e570:   cb e8 6a 16 02 00 48 8b 5c 24 30 48 8b 74 24 38
0x00007ffd8918e580:   48 83 c4 20 5f c3 cc cc cc cc cc cc cc cc cc cc
0x00007ffd8918e590:   41 56 48 83 ec 40 80 3d 85 d6 52 00 00 4c 8b f1
0x00007ffd8918e5a0:   74 09 33 c0 48 83 c4 40 41 5e c3 48 89 5c 24 50
0x00007ffd8918e5b0:   4c 89 7c 24 30 48 89 54 24 20 4c 89 74 24 28 48
0x00007ffd8918e5c0:   85 d2 74 16 48 8b 89 60 02 00 00 48 89 54 24 60 


Stack slot to memory mapping:
stack at sp + 0 slots: 0x00007ffd88e0857d jvm.dll
stack at sp + 1 slots: 0x00000077a1ffe330 points into unknown readable memory: 0x0000000800141438 | 38 14 14 00 08 00 00 00
stack at sp + 2 slots: 0x0000025da8a86de0 points into unknown readable memory: 0x0000000000000000 | 00 00 00 00 00 00 00 00
stack at sp + 3 slots: 0x0000025daa6c6de0 points into unknown readable memory: 0x00007ffd89487ba8 | a8 7b 48 89 fd 7f 00 00
stack at sp + 4 slots: 0x00000077a1ffe510 points into unknown readable memory: 0x00000077a0bfee30 | 30 ee bf a0 77 00 00 00
stack at sp + 5 slots: 0x00000008952f1001 is an unknown value
stack at sp + 6 slots: 0x000000770000000f is an unknown value
stack at sp + 7 slots: 0x0000025da8a7b180 points into unknown readable memory: 0x00007ffd89519f08 | 08 9f 51 89 fd 7f 00 00


---------------  P R O C E S S  ---------------

Threads class SMR info:
_java_thread_list=0x0000025daa6f3f20, length=22, elements={
0x0000025da3de7770, 0x0000025da3de8440, 0x0000025da3ded7b0, 0x0000025da3dee2e0,
0x0000025da3df0dc0, 0x0000025da3df2700, 0x0000025da3df6530, 0x0000025da3e02ec0,
0x0000025da3edfc80, 0x0000025da3f31440, 0x0000025da8727820, 0x0000025da872c4d0,
0x0000025da87e74c0, 0x0000025da8bbba10, 0x0000025da9156060, 0x0000025da9155b10,
0x0000025daafd6040, 0x0000025daafd6590, 0x0000025daafd55a0, 0x0000025daafd7ad0,
0x0000025daafd3070, 0x0000025daafd35c0
}

Java Threads: ( => current thread )
  0x0000025da3de7770 JavaThread "Reference Handler" daemon [_thread_blocked, id=22844, stack(0x00000077a0a00000,0x00000077a0b00000)]
  0x0000025da3de8440 JavaThread "Finalizer" daemon [_thread_blocked, id=1444, stack(0x00000077a0b00000,0x00000077a0c00000)]
  0x0000025da3ded7b0 JavaThread "Signal Dispatcher" daemon [_thread_blocked, id=15460, stack(0x00000077a0c00000,0x00000077a0d00000)]
  0x0000025da3dee2e0 JavaThread "Attach Listener" daemon [_thread_blocked, id=34164, stack(0x00000077a0d00000,0x00000077a0e00000)]
  0x0000025da3df0dc0 JavaThread "Service Thread" daemon [_thread_blocked, id=2740, stack(0x00000077a0e00000,0x00000077a0f00000)]
  0x0000025da3df2700 JavaThread "Monitor Deflation Thread" daemon [_thread_blocked, id=25128, stack(0x00000077a0f00000,0x00000077a1000000)]
  0x0000025da3df6530 JavaThread "C1 CompilerThread0" daemon [_thread_blocked, id=38696, stack(0x00000077a1000000,0x00000077a1100000)]
  0x0000025da3e02ec0 JavaThread "Sweeper thread" daemon [_thread_blocked, id=36276, stack(0x00000077a1100000,0x00000077a1200000)]
  0x0000025da3edfc80 JavaThread "Common-Cleaner" daemon [_thread_blocked, id=33716, stack(0x00000077a1200000,0x00000077a1300000)]
  0x0000025da3f31440 JavaThread "Notification Thread" daemon [_thread_blocked, id=30156, stack(0x00000077a1600000,0x00000077a1700000)]
  0x0000025da8727820 JavaThread "RMI TCP Accept-0" daemon [_thread_in_native, id=35788, stack(0x00000077a1700000,0x00000077a1800000)]
  0x0000025da872c4d0 JavaThread "RMI TCP Accept-59645" daemon [_thread_in_native, id=32904, stack(0x00000077a1800000,0x00000077a1900000)]
  0x0000025da87e74c0 JavaThread "RMI TCP Accept-0" daemon [_thread_in_native, id=31832, stack(0x00000077a1900000,0x00000077a1a00000)]
  0x0000025da8bbba10 JavaThread "RMI Scheduler(0)" daemon [_thread_blocked, id=27800, stack(0x00000077a2400000,0x00000077a2500000)]
  0x0000025da9156060 JavaThread "mysql-cj-abandoned-connection-cleanup" daemon [_thread_blocked, id=36436, stack(0x00000077a2a00000,0x00000077a2b00000)]
  0x0000025da9155b10 JavaThread "Live Reload Server" daemon [_thread_in_native, id=35424, stack(0x00000077a3500000,0x00000077a3600000)]
  0x0000025daafd6040 JavaThread "DestroyJavaVM" [_thread_blocked, id=35992, stack(0x00000077a0300000,0x00000077a0400000)]
  0x0000025daafd6590 JavaThread "Log4j2-JdbcDatabaseManager-Reconnector" daemon [_thread_blocked, id=38788, stack(0x00000077a2300000,0x00000077a2400000)]
  0x0000025daafd55a0 JavaThread "Thread-48" [_thread_blocked, id=13816, stack(0x000000779ff00000,0x00000077a0000000)]
  0x0000025daafd7ad0 JavaThread "File Watcher" daemon [_thread_blocked, id=31732, stack(0x00000077a2700000,0x00000077a2800000)]
  0x0000025daafd3070 JavaThread "File Watcher" daemon [_thread_blocked, id=37256, stack(0x00000077a0100000,0x00000077a0200000)]
  0x0000025daafd35c0 JavaThread "File Watcher" daemon [_thread_blocked, id=12140, stack(0x00000077a0b00000,0x00000077a0c00000)]

Other Threads:
  0x0000025da12fec60 VMThread "VM Thread" [stack: 0x00000077a0900000,0x00000077a0a00000] [id=36160]
  0x0000025da87da5e0 WatcherThread "VM Periodic Task Thread" [stack: 0x00000077a1a00000,0x00000077a1b00000] [id=11852]
  0x0000025d8ca9c410 WorkerThread "GC Thread#0" [stack: 0x00000077a0400000,0x00000077a0500000] [id=25884]
  0x0000025da8913a50 WorkerThread "GC Thread#1" [stack: 0x00000077a1b00000,0x00000077a1c00000] [id=32972]
  0x0000025da8913d20 WorkerThread "GC Thread#2" [stack: 0x00000077a1c00000,0x00000077a1d00000] [id=35716]
  0x0000025da8a7abe0 WorkerThread "GC Thread#3" [stack: 0x00000077a1d00000,0x00000077a1e00000] [id=2024]
  0x0000025da8a7bcc0 WorkerThread "GC Thread#4" [stack: 0x00000077a1e00000,0x00000077a1f00000] [id=25808]
=>0x0000025da8a7b180 WorkerThread "GC Thread#5" [stack: 0x00000077a1f00000,0x00000077a2000000] [id=21852]
  0x0000025da8a7a640 WorkerThread "GC Thread#6" [stack: 0x00000077a2000000,0x00000077a2100000] [id=32520]
  0x0000025da8a7b9f0 WorkerThread "GC Thread#7" [stack: 0x00000077a2100000,0x00000077a2200000] [id=364]
  0x0000025da8a7a910 WorkerThread "GC Thread#8" [stack: 0x00000077a2200000,0x00000077a2300000] [id=19760]
  0x0000025da8a7aeb0 WorkerThread "GC Thread#9" [stack: 0x00000077a2900000,0x00000077a2a00000] [id=37616]
  0x0000025d8caacb50 ConcurrentGCThread "G1 Main Marker" [stack: 0x00000077a0500000,0x00000077a0600000] [id=3564]
  0x0000025d8caae300 WorkerThread "G1 Conc#0" [stack: 0x00000077a0600000,0x00000077a0700000] [id=20740]
  0x0000025da8a7a0a0 WorkerThread "G1 Conc#1" [stack: 0x00000077a2b00000,0x00000077a2c00000] [id=35448]
  0x0000025da8a7a370 WorkerThread "G1 Conc#2" [stack: 0x00000077a2c00000,0x00000077a2d00000] [id=23316]
  0x0000025da11c0580 ConcurrentGCThread "G1 Refine#0" [stack: 0x00000077a0700000,0x00000077a0800000] [id=37972]
  0x0000025da11c1e80 ConcurrentGCThread "G1 Service" [stack: 0x00000077a0800000,0x00000077a0900000] [id=31904]

Threads with active compile tasks:

VM state: at safepoint (normal execution)

VM Mutex/Monitor currently owned by a thread:  ([mutex/lock_event])
[0x0000025d8ca2a4f0] Threads_lock - owner thread: 0x0000025da12fec60
[0x0000025d8ca2aa00] Heap_lock - owner thread: 0x0000025daafd35c0

Heap address: 0x0000000707200000, size: 3982 MB, Compressed Oops mode: Zero based, Oop shift amount: 3

CDS archive(s) mapped at: [0x0000000800000000-0x0000000800c40000-0x0000000800c40000), size 12845056, SharedBaseAddress: 0x0000000800000000, ArchiveRelocationMode: 0.
Compressed class space mapped at: 0x0000000801000000-0x0000000841000000, reserved size: 1073741824
Narrow klass base: 0x0000000800000000, Narrow klass shift: 0, Narrow klass range: 0x100000000

GC Precious Log:
 CardTable entry size: 512
 Card Set container configuration: InlinePtr #cards 4 size 8 Array Of Cards #cards 16 size 48 Howl #buckets 8 coarsen threshold 3686 Howl Bitmap #cards 512 size 80 coarsen threshold 460 Card regions per heap region 1 cards per card region 4096
 CPUs: 12 total, 12 available
 Memory: 15926M
 Large Page Support: Disabled
 NUMA Support: Disabled
 Compressed Oops: Enabled (Zero based)
 Heap Region Size: 2M
 Heap Min Capacity: 8M
 Heap Initial Capacity: 250M
 Heap Max Capacity: 3982M
 Pre-touch: Disabled
 Parallel Workers: 10
 Concurrent Workers: 3
 Concurrent Refinement Workers: 10
 Periodic GC: Disabled

Heap:
 garbage-first heap   total 110592K, used 85829K [0x0000000707200000, 0x0000000800000000)
  region size 2048K, 21 young (43008K), 1 survivors (2048K)
 Metaspace       used 80071K, committed 80896K, reserved 1179648K
  class space    used 10501K, committed 10880K, reserved 1048576K

Heap Regions: E=young(eden), S=young(survivor), O=old, HS=humongous(starts), HC=humongous(continues), CS=collection set, F=free, OA=open archive, CA=closed archive, TAMS=top-at-mark-start (previous, next)
|   0|0x0000000707200000, 0x0000000707400000, 0x0000000707400000|100%| O|  |TAMS 0x0000000707400000, 0x0000000707200000| Untracked 
|   1|0x0000000707400000, 0x00000007075fffc8, 0x0000000707600000| 99%| O|  |TAMS 0x00000007075fffc8, 0x0000000707400000| Untracked 
|   2|0x0000000707600000, 0x0000000707800000, 0x0000000707800000|100%| O|  |TAMS 0x0000000707800000, 0x0000000707600000| Untracked 
|   3|0x0000000707800000, 0x0000000707a00000, 0x0000000707a00000|100%| O|  |TAMS 0x0000000707a00000, 0x0000000707800000| Untracked 
|   4|0x0000000707a00000, 0x0000000707bfffc8, 0x0000000707c00000| 99%| O|  |TAMS 0x0000000707bfffc8, 0x0000000707a00000| Untracked 
|   5|0x0000000707c00000, 0x0000000707dffff0, 0x0000000707e00000| 99%| O|  |TAMS 0x0000000707dffff0, 0x0000000707c00000| Untracked 
|   6|0x0000000707e00000, 0x0000000707ffffb8, 0x0000000708000000| 99%| O|  |TAMS 0x0000000707ffffb8, 0x0000000707e00000| Untracked 
|   7|0x0000000708000000, 0x00000007081ffec8, 0x0000000708200000| 99%| O|  |TAMS 0x00000007081ffec8, 0x0000000708000000| Untracked 
|   8|0x0000000708200000, 0x00000007083ffff8, 0x0000000708400000| 99%| O|  |TAMS 0x00000007083ffff8, 0x0000000708200000| Untracked 
|   9|0x0000000708400000, 0x00000007085fffe8, 0x0000000708600000| 99%| O|  |TAMS 0x00000007085fffe8, 0x0000000708400000| Untracked 
|  10|0x0000000708600000, 0x00000007087ffff8, 0x0000000708800000| 99%| O|  |TAMS 0x00000007087ffff8, 0x0000000708600000| Untracked 
|  11|0x0000000708800000, 0x00000007089ffff0, 0x0000000708a00000| 99%| O|  |TAMS 0x0000000708800000, 0x0000000708800000| Untracked 
|  12|0x0000000708a00000, 0x0000000708bcda80, 0x0000000708c00000| 90%| O|  |TAMS 0x0000000708a00000, 0x0000000708a00000| Untracked 
|  13|0x0000000708c00000, 0x0000000708dfee80, 0x0000000708e00000| 99%| O|  |TAMS 0x0000000708c00000, 0x0000000708c00000| Untracked 
|  14|0x0000000708e00000, 0x0000000708fffbd0, 0x0000000709000000| 99%| O|  |TAMS 0x0000000708e00000, 0x0000000708e00000| Untracked 
|  15|0x0000000709000000, 0x0000000709112c50, 0x0000000709200000| 53%| O|  |TAMS 0x0000000709000000, 0x0000000709000000| Untracked 
|  16|0x0000000709200000, 0x0000000709400000, 0x0000000709400000|100%| O|  |TAMS 0x0000000709200000, 0x0000000709200000| Untracked 
|  17|0x0000000709400000, 0x00000007094270c8, 0x0000000709600000|  7%| O|  |TAMS 0x0000000709400000, 0x0000000709400000| Untracked 
|  18|0x0000000709600000, 0x0000000709800000, 0x0000000709800000|100%| O|  |TAMS 0x0000000709600000, 0x0000000709600000| Untracked 
|  19|0x0000000709800000, 0x0000000709a00000, 0x0000000709a00000|100%| O|  |TAMS 0x0000000709800000, 0x0000000709800000| Untracked 
|  20|0x0000000709a00000, 0x0000000709c00000, 0x0000000709c00000|100%| O|  |TAMS 0x0000000709a00000, 0x0000000709a00000| Untracked 
|  21|0x0000000709c00000, 0x0000000709dbb4f0, 0x0000000709e00000| 86%| O|  |TAMS 0x0000000709c00000, 0x0000000709c00000| Untracked 
|  22|0x0000000709e00000, 0x0000000709e00000, 0x000000070a000000|  0%| F|  |TAMS 0x0000000709e00000, 0x0000000709e00000| Untracked 
|  23|0x000000070a000000, 0x000000070a000000, 0x000000070a200000|  0%| F|  |TAMS 0x000000070a000000, 0x000000070a000000| Untracked 
|  24|0x000000070a200000, 0x000000070a200000, 0x000000070a400000|  0%| F|  |TAMS 0x000000070a200000, 0x000000070a200000| Untracked 
|  25|0x000000070a400000, 0x000000070a400000, 0x000000070a600000|  0%| F|  |TAMS 0x000000070a400000, 0x000000070a400000| Untracked 
|  26|0x000000070a600000, 0x000000070a600000, 0x000000070a800000|  0%| F|  |TAMS 0x000000070a600000, 0x000000070a600000| Untracked 
|  27|0x000000070a800000, 0x000000070a800000, 0x000000070aa00000|  0%| F|  |TAMS 0x000000070a800000, 0x000000070a800000| Untracked 
|  28|0x000000070aa00000, 0x000000070aaffcc0, 0x000000070ac00000| 49%| E|CS|TAMS 0x000000070aa00000, 0x000000070aa00000| Complete 
|  29|0x000000070ac00000, 0x000000070ae00000, 0x000000070ae00000|100%| E|CS|TAMS 0x000000070ac00000, 0x000000070ac00000| Complete 
|  30|0x000000070ae00000, 0x000000070ae00000, 0x000000070b000000|  0%| F|  |TAMS 0x000000070ae00000, 0x000000070ae00000| Untracked 
|  31|0x000000070b000000, 0x000000070b000000, 0x000000070b200000|  0%| F|  |TAMS 0x000000070b000000, 0x000000070b000000| Untracked 
|  32|0x000000070b200000, 0x000000070b400000, 0x000000070b400000|100%| E|CS|TAMS 0x000000070b200000, 0x000000070b200000| Complete 
|  33|0x000000070b400000, 0x000000070b549510, 0x000000070b600000| 64%| S|  |TAMS 0x000000070b400000, 0x000000070b400000| Complete 
|  34|0x000000070b600000, 0x000000070b800000, 0x000000070b800000|100%| E|CS|TAMS 0x000000070b600000, 0x000000070b600000| Complete 
|  35|0x000000070b800000, 0x000000070ba00000, 0x000000070ba00000|100%| E|CS|TAMS 0x000000070b800000, 0x000000070b800000| Complete 
|  36|0x000000070ba00000, 0x000000070bc00000, 0x000000070bc00000|100%| E|CS|TAMS 0x000000070ba00000, 0x000000070ba00000| Complete 
|  37|0x000000070bc00000, 0x000000070be00000, 0x000000070be00000|100%| E|CS|TAMS 0x000000070bc00000, 0x000000070bc00000| Complete 
|  38|0x000000070be00000, 0x000000070c000000, 0x000000070c000000|100%| E|CS|TAMS 0x000000070be00000, 0x000000070be00000| Complete 
|  39|0x000000070c000000, 0x000000070c200000, 0x000000070c200000|100%| E|CS|TAMS 0x000000070c000000, 0x000000070c000000| Complete 
|  40|0x000000070c200000, 0x000000070c400000, 0x000000070c400000|100%| E|CS|TAMS 0x000000070c200000, 0x000000070c200000| Complete 
|  41|0x000000070c400000, 0x000000070c600000, 0x000000070c600000|100%| E|CS|TAMS 0x000000070c400000, 0x000000070c400000| Complete 
|  42|0x000000070c600000, 0x000000070c800000, 0x000000070c800000|100%| E|CS|TAMS 0x000000070c600000, 0x000000070c600000| Complete 
|  43|0x000000070c800000, 0x000000070ca00000, 0x000000070ca00000|100%| E|CS|TAMS 0x000000070c800000, 0x000000070c800000| Complete 
|  44|0x000000070ca00000, 0x000000070cc00000, 0x000000070cc00000|100%| E|CS|TAMS 0x000000070ca00000, 0x000000070ca00000| Complete 
|  45|0x000000070cc00000, 0x000000070ce00000, 0x000000070ce00000|100%| E|CS|TAMS 0x000000070cc00000, 0x000000070cc00000| Complete 
|  46|0x000000070ce00000, 0x000000070d000000, 0x000000070d000000|100%| E|CS|TAMS 0x000000070ce00000, 0x000000070ce00000| Complete 
|  47|0x000000070d000000, 0x000000070d200000, 0x000000070d200000|100%| E|CS|TAMS 0x000000070d000000, 0x000000070d000000| Complete 
|  48|0x000000070d200000, 0x000000070d400000, 0x000000070d400000|100%| E|CS|TAMS 0x000000070d200000, 0x000000070d200000| Complete 
|  49|0x000000070d400000, 0x000000070d600000, 0x000000070d600000|100%| E|CS|TAMS 0x000000070d400000, 0x000000070d400000| Complete 
|  50|0x000000070d600000, 0x000000070d800000, 0x000000070d800000|100%| E|CS|TAMS 0x000000070d600000, 0x000000070d600000| Complete 
|  51|0x000000070d800000, 0x000000070da00000, 0x000000070da00000|100%| E|CS|TAMS 0x000000070d800000, 0x000000070d800000| Complete 
|  52|0x000000070da00000, 0x000000070dc00000, 0x000000070dc00000|100%| E|CS|TAMS 0x000000070da00000, 0x000000070da00000| Complete 
|  53|0x000000070dc00000, 0x000000070de00000, 0x000000070de00000|100%| E|CS|TAMS 0x000000070dc00000, 0x000000070dc00000| Complete 

Card table byte_map: [0x0000025d98450000,0x0000025d98c20000] _byte_map_base: 0x0000025d94c17000

Marking Bits (Prev, Next): (CMBitMap*) 0x0000025d8ca9c990, (CMBitMap*) 0x0000025d8ca9c950
 Prev Bits: [0x0000025d9d230000, 0x0000025da1068000)
 Next Bits: [0x0000025d993f0000, 0x0000025d9d228000)

Polling page: 0x0000025d8c1b0000

Metaspace:

Usage:
  Non-class:     67.94 MB used.
      Class:     10.26 MB used.
       Both:     78.19 MB used.

Virtual space:
  Non-class space:      128.00 MB reserved,      68.38 MB ( 53%) committed,  2 nodes.
      Class space:        1.00 GB reserved,      10.62 MB (  1%) committed,  1 nodes.
             Both:        1.12 GB reserved,      79.00 MB (  7%) committed. 

Chunk freelists:
   Non-Class:  2.93 MB
       Class:  1.21 MB
        Both:  4.14 MB

MaxMetaspaceSize: unlimited
CompressedClassSpaceSize: 1.00 GB
Initial GC threshold: 21.00 MB
Current GC threshold: 130.31 MB
CDS: on
MetaspaceReclaimPolicy: balanced
 - commit_granule_bytes: 65536.
 - commit_granule_words: 8192.
 - virtual_space_node_default_size: 8388608.
 - enlarge_chunks_in_place: 1.
 - new_chunks_are_fully_committed: 0.
 - uncommit_free_chunks: 1.
 - use_allocation_guard: 0.


Internal statistics:

num_allocs_failed_limit: 9.
num_arena_births: 2504.
num_arena_deaths: 1490.
num_vsnodes_births: 3.
num_vsnodes_deaths: 0.
num_space_committed: 1281.
num_space_uncommitted: 12.
num_chunks_returned_to_freelist: 2470.
num_chunks_taken_from_freelist: 7146.
num_chunk_merges: 441.
num_chunk_splits: 3590.
num_chunks_enlarged: 2406.
num_inconsistent_stats: 0.

CodeCache: size=49152Kb used=26721Kb max_used=28396Kb free=22430Kb
 bounds [0x0000025d94950000, 0x0000025d96510000, 0x0000025d97950000]
 total_blobs=15530 nmethods=14804 adapters=649
 compilation: enabled
              stopped_count=0, restarted_count=0
 full_count=0

Compilation events (20 events):
Event: 2179.566 Thread 0x0000025da3df6530 14795   !   1       org.apache.catalina.util.LifecycleMBeanBase::register (91 bytes)
Event: 2179.571 Thread 0x0000025da3df6530 nmethod 14795 0x0000025d96480390 code [0x0000025d96480600, 0x0000025d96480eb8]
Event: 2179.790 Thread 0x0000025da3df6530 14796       1       com.fasterxml.jackson.databind.DatabindContext::<init> (5 bytes)
Event: 2179.790 Thread 0x0000025da3df6530 nmethod 14796 0x0000025d96480090 code [0x0000025d96480220, 0x0000025d964802d8]
Event: 2179.815 Thread 0x0000025da3df6530 14797       1       org.apache.catalina.core.StandardService::findConnectors (5 bytes)
Event: 2179.817 Thread 0x0000025da3df6530 nmethod 14797 0x0000025d9647fd90 code [0x0000025d9647ff20, 0x0000025d9647fff8]
Event: 2179.817 Thread 0x0000025da3df6530 14798       1       org.apache.catalina.startup.Tomcat::getServer (98 bytes)
Event: 2179.817 Thread 0x0000025da3df6530 nmethod 14798 0x0000025d9647f210 code [0x0000025d9647f440, 0x0000025d9647fb08]
Event: 2179.897 Thread 0x0000025da3df6530 14799       1       org.apache.catalina.util.LifecycleMBeanBase::unregister (10 bytes)
Event: 2179.898 Thread 0x0000025da3df6530 nmethod 14799 0x0000025d9647ee90 code [0x0000025d9647f040, 0x0000025d9647f158]
Event: 2179.900 Thread 0x0000025da3df6530 14800   !   1       java.lang.Thread::exit (58 bytes)
Event: 2179.900 Thread 0x0000025da3df6530 nmethod 14800 0x0000025d9647e910 code [0x0000025d9647eae0, 0x0000025d9647ecd8]
Event: 2179.900 Thread 0x0000025da3df6530 14801       1       java.lang.Thread::clearReferences (40 bytes)
Event: 2179.901 Thread 0x0000025da3df6530 nmethod 14801 0x0000025d9647e490 code [0x0000025d9647e640, 0x0000025d9647e8b8]
Event: 2179.919 Thread 0x0000025da3df6530 14802       1       org.springframework.core.io.support.SpringFactoriesLoader$ArgumentResolver$$Lambda$196/0x000000080115c3f8::apply (16 bytes)
Event: 2179.919 Thread 0x0000025da3df6530 nmethod 14802 0x0000025d9647e090 code [0x0000025d9647e240, 0x0000025d9647e3c8]
Event: 2179.919 Thread 0x0000025da3df6530 14803       1       org.springframework.core.io.support.SpringFactoriesLoader$ArgumentResolver::lambda$ofSupplied$3 (19 bytes)
Event: 2179.920 Thread 0x0000025da3df6530 nmethod 14803 0x0000025d9647dd10 code [0x0000025d9647dec0, 0x0000025d9647dfe8]
Event: 2179.921 Thread 0x0000025da3df6530 14804  s    1       java.lang.Throwable::getCause (17 bytes)
Event: 2179.921 Thread 0x0000025da3df6530 nmethod 14804 0x0000025d9647d910 code [0x0000025d9647daa0, 0x0000025d9647dc38]

GC Heap History (20 events):
Event: 1620.647 GC heap after
{Heap after GC invocations=61 (full 9):
 garbage-first heap   total 110592K, used 41369K [0x0000000707200000, 0x0000000800000000)
  region size 2048K, 2 young (4096K), 2 survivors (4096K)
 Metaspace       used 78698K, committed 79424K, reserved 1179648K
  class space    used 10327K, committed 10688K, reserved 1048576K
}
Event: 1621.081 GC heap before
{Heap before GC invocations=61 (full 9):
 garbage-first heap   total 110592K, used 82329K [0x0000000707200000, 0x0000000800000000)
  region size 2048K, 22 young (45056K), 2 survivors (4096K)
 Metaspace       used 79134K, committed 79808K, reserved 1179648K
  class space    used 10361K, committed 10688K, reserved 1048576K
}
Event: 1621.084 GC heap after
{Heap after GC invocations=62 (full 9):
 garbage-first heap   total 110592K, used 42586K [0x0000000707200000, 0x0000000800000000)
  region size 2048K, 3 young (6144K), 3 survivors (6144K)
 Metaspace       used 79134K, committed 79808K, reserved 1179648K
  class space    used 10361K, committed 10688K, reserved 1048576K
}
Event: 1621.420 GC heap before
{Heap before GC invocations=62 (full 9):
 garbage-first heap   total 110592K, used 81498K [0x0000000707200000, 0x0000000800000000)
  region size 2048K, 22 young (45056K), 3 survivors (6144K)
 Metaspace       used 79644K, committed 80384K, reserved 1179648K
  class space    used 10395K, committed 10752K, reserved 1048576K
}
Event: 1621.424 GC heap after
{Heap after GC invocations=63 (full 9):
 garbage-first heap   total 110592K, used 44744K [0x0000000707200000, 0x0000000800000000)
  region size 2048K, 2 young (4096K), 2 survivors (4096K)
 Metaspace       used 79644K, committed 80384K, reserved 1179648K
  class space    used 10395K, committed 10752K, reserved 1048576K
}
Event: 1873.096 GC heap before
{Heap before GC invocations=63 (full 9):
 garbage-first heap   total 110592K, used 83656K [0x0000000707200000, 0x0000000800000000)
  region size 2048K, 21 young (43008K), 2 survivors (4096K)
 Metaspace       used 79644K, committed 80384K, reserved 1179648K
  class space    used 10395K, committed 10752K, reserved 1048576K
}
Event: 1873.100 GC heap after
{Heap after GC invocations=64 (full 9):
 garbage-first heap   total 110592K, used 44389K [0x0000000707200000, 0x0000000800000000)
  region size 2048K, 1 young (2048K), 1 survivors (2048K)
 Metaspace       used 79644K, committed 80384K, reserved 1179648K
  class space    used 10395K, committed 10752K, reserved 1048576K
}
Event: 2154.206 GC heap before
{Heap before GC invocations=64 (full 9):
 garbage-first heap   total 110592K, used 85349K [0x0000000707200000, 0x0000000800000000)
  region size 2048K, 21 young (43008K), 1 survivors (2048K)
 Metaspace       used 79646K, committed 80384K, reserved 1179648K
  class space    used 10395K, committed 10752K, reserved 1048576K
}
Event: 2154.213 GC heap after
{Heap after GC invocations=65 (full 9):
 garbage-first heap   total 110592K, used 44247K [0x0000000707200000, 0x0000000800000000)
  region size 2048K, 1 young (2048K), 1 survivors (2048K)
 Metaspace       used 79646K, committed 80384K, reserved 1179648K
  class space    used 10395K, committed 10752K, reserved 1048576K
}
Event: 2171.485 GC heap before
{Heap before GC invocations=65 (full 9):
 garbage-first heap   total 110592K, used 48343K [0x0000000707200000, 0x0000000800000000)
  region size 2048K, 4 young (8192K), 1 survivors (2048K)
 Metaspace       used 79649K, committed 80384K, reserved 1179648K
  class space    used 10396K, committed 10752K, reserved 1048576K
}
Event: 2171.593 GC heap after
{Heap after GC invocations=66 (full 10):
 garbage-first heap   total 110592K, used 31767K [0x0000000707200000, 0x0000000800000000)
  region size 2048K, 0 young (0K), 0 survivors (0K)
 Metaspace       used 78006K, committed 80064K, reserved 1179648K
  class space    used 10242K, committed 10752K, reserved 1048576K
}
Event: 2173.748 GC heap before
{Heap before GC invocations=66 (full 10):
 garbage-first heap   total 110592K, used 89111K [0x0000000707200000, 0x0000000800000000)
  region size 2048K, 28 young (57344K), 0 survivors (0K)
 Metaspace       used 78498K, committed 80064K, reserved 1179648K
  class space    used 10320K, committed 10752K, reserved 1048576K
}
Event: 2173.754 GC heap after
{Heap after GC invocations=67 (full 10):
 garbage-first heap   total 110592K, used 37456K [0x0000000707200000, 0x0000000800000000)
  region size 2048K, 3 young (6144K), 3 survivors (6144K)
 Metaspace       used 78498K, committed 80064K, reserved 1179648K
  class space    used 10320K, committed 10752K, reserved 1048576K
}
Event: 2174.804 GC heap before
{Heap before GC invocations=67 (full 10):
 garbage-first heap   total 110592K, used 86608K [0x0000000707200000, 0x0000000800000000)
  region size 2048K, 27 young (55296K), 3 survivors (6144K)
 Metaspace       used 78833K, committed 80064K, reserved 1179648K
  class space    used 10352K, committed 10752K, reserved 1048576K
}
Event: 2174.810 GC heap after
{Heap after GC invocations=68 (full 10):
 garbage-first heap   total 110592K, used 40353K [0x0000000707200000, 0x0000000800000000)
  region size 2048K, 2 young (4096K), 2 survivors (4096K)
 Metaspace       used 78833K, committed 80064K, reserved 1179648K
  class space    used 10352K, committed 10752K, reserved 1048576K
}
Event: 2175.656 GC heap before
{Heap before GC invocations=68 (full 10):
 garbage-first heap   total 110592K, used 85409K [0x0000000707200000, 0x0000000800000000)
  region size 2048K, 24 young (49152K), 2 survivors (4096K)
 Metaspace       used 79320K, committed 80064K, reserved 1179648K
  class space    used 10386K, committed 10752K, reserved 1048576K
}
Event: 2175.659 GC heap after
{Heap after GC invocations=69 (full 10):
 garbage-first heap   total 110592K, used 42075K [0x0000000707200000, 0x0000000800000000)
  region size 2048K, 3 young (6144K), 3 survivors (6144K)
 Metaspace       used 79320K, committed 80064K, reserved 1179648K
  class space    used 10386K, committed 10752K, reserved 1048576K
}
Event: 2179.825 GC heap before
{Heap before GC invocations=69 (full 10):
 garbage-first heap   total 110592K, used 85083K [0x0000000707200000, 0x0000000800000000)
  region size 2048K, 24 young (49152K), 3 survivors (6144K)
 Metaspace       used 79965K, committed 80768K, reserved 1179648K
  class space    used 10482K, committed 10880K, reserved 1048576K
}
Event: 2179.832 GC heap after
{Heap after GC invocations=70 (full 10):
 garbage-first heap   total 110592K, used 44869K [0x0000000707200000, 0x0000000800000000)
  region size 2048K, 3 young (6144K), 3 survivors (6144K)
 Metaspace       used 79965K, committed 80768K, reserved 1179648K
  class space    used 10482K, committed 10880K, reserved 1048576K
}
Event: 2403.287 GC heap before
{Heap before GC invocations=70 (full 10):
 garbage-first heap   total 110592K, used 85829K [0x0000000707200000, 0x0000000800000000)
  region size 2048K, 23 young (47104K), 3 survivors (6144K)
 Metaspace       used 80071K, committed 80896K, reserved 1179648K
  class space    used 10501K, committed 10880K, reserved 1048576K
}

Dll operation events (11 events):
Event: 0.014 Loaded shared library C:\Program Files\Java\jdk-19\bin\java.dll
Event: 0.024 Loaded shared library C:\Program Files\Java\jdk-19\bin\jsvml.dll
Event: 0.224 Loaded shared library C:\Program Files\Java\jdk-19\bin\jimage.dll
Event: 0.232 Loaded shared library C:\Program Files\Java\jdk-19\bin\net.dll
Event: 0.237 Loaded shared library C:\Program Files\Java\jdk-19\bin\nio.dll
Event: 0.241 Loaded shared library C:\Program Files\Java\jdk-19\bin\zip.dll
Event: 0.307 Loaded shared library C:\Program Files\Java\jdk-19\bin\management.dll
Event: 0.318 Loaded shared library C:\Program Files\Java\jdk-19\bin\management_ext.dll
Event: 0.595 Loaded shared library C:\Program Files\Java\jdk-19\bin\extnet.dll
Event: 1.474 Loaded shared library C:\Program Files\Java\jdk-19\bin\verify.dll
Event: 2.989 Loaded shared library C:\Program Files\Java\jdk-19\bin\sunmscapi.dll

Deoptimization events (16 events):
Event: 0.423 Thread 0x0000025d8ca2de50 DEOPT PACKING pc=0x0000025d94cfbb55 sp=0x00000077a03fce80
Event: 0.423 Thread 0x0000025d8ca2de50 DEOPT UNPACKING pc=0x0000025d949b7543 sp=0x00000077a03fc330 mode 3
Event: 0.432 Thread 0x0000025d8ca2de50 DEOPT PACKING pc=0x0000025d94d1a450 sp=0x00000077a03fce50
Event: 0.432 Thread 0x0000025d8ca2de50 DEOPT UNPACKING pc=0x0000025d949b7543 sp=0x00000077a03fc308 mode 3
Event: 1.390 Thread 0x0000025da9153090 DEOPT PACKING pc=0x0000025d94f98419 sp=0x00000077a28fd260
Event: 1.390 Thread 0x0000025da9153090 DEOPT UNPACKING pc=0x0000025d949b7543 sp=0x00000077a28fc740 mode 3
Event: 2.638 Thread 0x0000025da9153090 DEOPT PACKING pc=0x0000025d9523d299 sp=0x00000077a28fcd60
Event: 2.638 Thread 0x0000025da9153090 DEOPT UNPACKING pc=0x0000025d949b7543 sp=0x00000077a28fc240 mode 3
Event: 2.953 Thread 0x0000025da9153090 DEOPT PACKING pc=0x0000025d952a38a5 sp=0x00000077a28fd3b0
Event: 2.953 Thread 0x0000025da9153090 DEOPT UNPACKING pc=0x0000025d949b7543 sp=0x00000077a28fc918 mode 3
Event: 5.844 Thread 0x0000025da9153090 DEOPT PACKING pc=0x0000025d94fffc54 sp=0x00000077a28fbb40
Event: 5.844 Thread 0x0000025da9153090 DEOPT UNPACKING pc=0x0000025d949b7543 sp=0x00000077a28fb098 mode 0
Event: 6.184 Thread 0x0000025da9153090 DEOPT PACKING pc=0x0000025d94f73502 sp=0x00000077a28fcac0
Event: 6.184 Thread 0x0000025da9153090 DEOPT UNPACKING pc=0x0000025d949b7543 sp=0x00000077a28fbfc8 mode 3
Event: 337.480 Thread 0x0000025daafd4060 DEOPT PACKING pc=0x0000025d95bd18d3 sp=0x00000077a14fbd50
Event: 337.480 Thread 0x0000025daafd4060 DEOPT UNPACKING pc=0x0000025d949b7543 sp=0x00000077a14fb1e8 mode 3

Classes loaded (20 events):
Event: 2175.802 Loading class java/lang/Throwable$WrappedPrintWriter
Event: 2175.802 Loading class java/lang/Throwable$WrappedPrintWriter done
Event: 2178.002 Loading class java/net/URLConnection$1
Event: 2178.002 Loading class java/net/FileNameMap
Event: 2178.002 Loading class java/net/FileNameMap done
Event: 2178.002 Loading class java/net/URLConnection$1 done
Event: 2178.002 Loading class sun/net/www/MimeTable
Event: 2178.003 Loading class sun/net/www/MimeTable done
Event: 2178.003 Loading class sun/net/www/MimeTable$1
Event: 2178.004 Loading class sun/net/www/MimeTable$1 done
Event: 2178.004 Loading class sun/net/www/MimeTable$2
Event: 2178.004 Loading class sun/net/www/MimeTable$2 done
Event: 2178.004 Loading class sun/net/www/MimeTable$DefaultInstanceHolder
Event: 2178.004 Loading class sun/net/www/MimeTable$DefaultInstanceHolder done
Event: 2178.004 Loading class sun/net/www/MimeTable$DefaultInstanceHolder$1
Event: 2178.004 Loading class sun/net/www/MimeTable$DefaultInstanceHolder$1 done
Event: 2178.005 Loading class sun/net/www/MimeEntry
Event: 2178.005 Loading class sun/net/www/MimeEntry done
Event: 2281.242 Loading class java/rmi/server/UnicastRemoteObject
Event: 2281.243 Loading class java/rmi/server/UnicastRemoteObject done

Classes unloaded (20 events):
Event: 2171.518 Thread 0x0000025da12fec60 Unloading class 0x0000000801a3cc58 'com/mmsystem/property/repo/TokenRepository'
Event: 2171.518 Thread 0x0000025da12fec60 Unloading class 0x0000000801a3c9e0 'com/mmsystem/property/repo/PropMgmtsRepository'
Event: 2171.518 Thread 0x0000025da12fec60 Unloading class 0x0000000801a3c768 'com/mmsystem/property/repo/MmsUnitsRepository'
Event: 2171.518 Thread 0x0000025da12fec60 Unloading class 0x0000000801a3c4f0 'com/mmsystem/property/repo/MmsTenantRepository'
Event: 2171.518 Thread 0x0000025da12fec60 Unloading class 0x0000000801a3c278 'com/mmsystem/property/repo/MmsPropertiesRepository'
Event: 2171.518 Thread 0x0000025da12fec60 Unloading class 0x0000000801a3c000 'com/mmsystem/property/repo/MmsIssueTypeRepository'
Event: 2171.518 Thread 0x0000025da12fec60 Unloading class 0x0000000801a48ce0 'com/mmsystem/property/repo/MmsIssueStausRepository'
Event: 2171.518 Thread 0x0000025da12fec60 Unloading class 0x0000000801a48a68 'com/mmsystem/property/repo/MmsIssuesRepository'
Event: 2171.518 Thread 0x0000025da12fec60 Unloading class 0x0000000801a48880 'com/mmsystem/property/repo/IMmspRepository'
Event: 2171.518 Thread 0x0000025da12fec60 Unloading class 0x0000000801a48658 'com/mmsystem/property/controller/UserController'
Event: 2171.518 Thread 0x0000025da12fec60 Unloading class 0x0000000801a48450 'com/mmsystem/property/controller/StaticDataController'
Event: 2171.518 Thread 0x0000025da12fec60 Unloading class 0x0000000801a48228 'com/mmsystem/property/controller/PropMgmtController'
Event: 2171.518 Thread 0x0000025da12fec60 Unloading class 0x0000000801a48000 'com/mmsystem/property/controller/MmsUnitController'
Event: 2171.518 Thread 0x0000025da12fec60 Unloading class 0x0000000801a45488 'com/mmsystem/property/controller/MmsTechTaskController'
Event: 2171.518 Thread 0x0000025da12fec60 Unloading class 0x0000000801a45260 'com/mmsystem/property/controller/MmsPropertyController'
Event: 2171.518 Thread 0x0000025da12fec60 Unloading class 0x0000000801a45000 'com/mmsystem/property/controller/MmsIssueController'
Event: 2171.518 Thread 0x0000025da12fec60 Unloading class 0x0000000801a46600 'com/mmsystem/property/controller/AuthenticationController'
Event: 2171.518 Thread 0x0000025da12fec60 Unloading class 0x0000000801a463e8 'com/mmsystem/property/Config'
Event: 2171.518 Thread 0x0000025da12fec60 Unloading class 0x0000000801a461f0 'com/mmsystem/property/util/ConnectionFactory'
Event: 2171.518 Thread 0x0000025da12fec60 Unloading class 0x0000000801a46000 'com/mmsystem/property/MmsystemApplication'

Classes redefined (0 events):
No events

Internal exceptions (20 events):
Event: 2309.520 Thread 0x0000025daafd6590 Exception <a 'java/lang/NullPointerException'{0x000000070c4f2138}> (0x000000070c4f2138) 
thrown [s\open\src\hotspot\share\interpreter\linkResolver.cpp, line 1374]
Event: 2314.521 Thread 0x0000025daafd6590 Exception <a 'java/lang/NullPointerException'{0x000000070c5a1b70}> (0x000000070c5a1b70) 
thrown [s\open\src\hotspot\share\interpreter\linkResolver.cpp, line 1374]
Event: 2319.534 Thread 0x0000025daafd6590 Exception <a 'java/lang/NullPointerException'{0x000000070c25dac0}> (0x000000070c25dac0) 
thrown [s\open\src\hotspot\share\interpreter\linkResolver.cpp, line 1374]
Event: 2324.544 Thread 0x0000025daafd6590 Exception <a 'java/lang/NullPointerException'{0x000000070c2ffb40}> (0x000000070c2ffb40) 
thrown [s\open\src\hotspot\share\interpreter\linkResolver.cpp, line 1374]
Event: 2329.557 Thread 0x0000025daafd6590 Exception <a 'java/lang/NullPointerException'{0x000000070c3a19d8}> (0x000000070c3a19d8) 
thrown [s\open\src\hotspot\share\interpreter\linkResolver.cpp, line 1374]
Event: 2334.560 Thread 0x0000025daafd6590 Exception <a 'java/lang/NullPointerException'{0x000000070c0439f8}> (0x000000070c0439f8) 
thrown [s\open\src\hotspot\share\interpreter\linkResolver.cpp, line 1374]
Event: 2339.573 Thread 0x0000025daafd6590 Exception <a 'java/lang/NullPointerException'{0x000000070c10cfb0}> (0x000000070c10cfb0) 
thrown [s\open\src\hotspot\share\interpreter\linkResolver.cpp, line 1374]
Event: 2344.587 Thread 0x0000025daafd6590 Exception <a 'java/lang/NullPointerException'{0x000000070c1af0d0}> (0x000000070c1af0d0) 
thrown [s\open\src\hotspot\share\interpreter\linkResolver.cpp, line 1374]
Event: 2349.602 Thread 0x0000025daafd6590 Exception <a 'java/lang/NullPointerException'{0x000000070be4f468}> (0x000000070be4f468) 
thrown [s\open\src\hotspot\share\interpreter\linkResolver.cpp, line 1374]
Event: 2354.612 Thread 0x0000025daafd6590 Exception <a 'java/lang/NullPointerException'{0x000000070befef28}> (0x000000070befef28) 
thrown [s\open\src\hotspot\share\interpreter\linkResolver.cpp, line 1374]
Event: 2359.615 Thread 0x0000025daafd6590 Exception <a 'java/lang/NullPointerException'{0x000000070bfba7e8}> (0x000000070bfba7e8) 
thrown [s\open\src\hotspot\share\interpreter\linkResolver.cpp, line 1374]
Event: 2364.627 Thread 0x0000025daafd6590 Exception <a 'java/lang/NullPointerException'{0x000000070bc5dee0}> (0x000000070bc5dee0) 
thrown [s\open\src\hotspot\share\interpreter\linkResolver.cpp, line 1374]
Event: 2366.651 Thread 0x0000025daafd5af0 Exception <a 'java/io/IOException'{0x000000070d7d7d08}> (0x000000070d7d7d08) 
thrown [s\open\src\hotspot\share\prims\jni.cpp, line 517]
Event: 2369.635 Thread 0x0000025daafd6590 Exception <a 'java/lang/NullPointerException'{0x000000070bd5a6b8}> (0x000000070bd5a6b8) 
thrown [s\open\src\hotspot\share\interpreter\linkResolver.cpp, line 1374]
Event: 2374.647 Thread 0x0000025daafd6590 Exception <a 'java/lang/NullPointerException'{0x000000070ba69458}> (0x000000070ba69458) 
thrown [s\open\src\hotspot\share\interpreter\linkResolver.cpp, line 1374]
Event: 2379.658 Thread 0x0000025daafd6590 Exception <a 'java/lang/NullPointerException'{0x000000070bb71b28}> (0x000000070bb71b28) 
thrown [s\open\src\hotspot\share\interpreter\linkResolver.cpp, line 1374]
Event: 2384.669 Thread 0x0000025daafd6590 Exception <a 'java/lang/NullPointerException'{0x000000070b85df20}> (0x000000070b85df20) 
thrown [s\open\src\hotspot\share\interpreter\linkResolver.cpp, line 1374]
Event: 2389.676 Thread 0x0000025daafd6590 Exception <a 'java/lang/NullPointerException'{0x000000070b94ccc8}> (0x000000070b94ccc8) 
thrown [s\open\src\hotspot\share\interpreter\linkResolver.cpp, line 1374]
Event: 2394.685 Thread 0x0000025daafd6590 Exception <a 'java/lang/NullPointerException'{0x000000070b669370}> (0x000000070b669370) 
thrown [s\open\src\hotspot\share\interpreter\linkResolver.cpp, line 1374]
Event: 2399.692 Thread 0x0000025daafd6590 Exception <a 'java/lang/NullPointerException'{0x000000070b765c40}> (0x000000070b765c40) 
thrown [s\open\src\hotspot\share\interpreter\linkResolver.cpp, line 1374]

VM Operations (20 events):
Event: 2174.755 Executing VM operation: Cleanup done
Event: 2174.804 Executing VM operation: G1CollectForAllocation
Event: 2174.810 Executing VM operation: G1CollectForAllocation done
Event: 2175.656 Executing VM operation: G1CollectForAllocation
Event: 2175.660 Executing VM operation: G1CollectForAllocation done
Event: 2176.667 Executing VM operation: Cleanup
Event: 2176.668 Executing VM operation: Cleanup done
Event: 2178.674 Executing VM operation: Cleanup
Event: 2178.675 Executing VM operation: Cleanup done
Event: 2179.689 Executing VM operation: Cleanup
Event: 2179.689 Executing VM operation: Cleanup done
Event: 2179.825 Executing VM operation: G1CollectForAllocation
Event: 2179.837 Executing VM operation: G1CollectForAllocation done
Event: 2180.874 Executing VM operation: Cleanup
Event: 2180.875 Executing VM operation: Cleanup done
Event: 2182.897 Executing VM operation: Cleanup
Event: 2182.897 Executing VM operation: Cleanup done
Event: 2236.270 Executing VM operation: Cleanup
Event: 2236.270 Executing VM operation: Cleanup done
Event: 2403.287 Executing VM operation: G1CollectForAllocation

Events (20 events):
Event: 2175.817 Thread 0x0000025daafd7ad0 Thread added: 0x0000025daafd7ad0
Event: 2177.922 Thread 0x0000025daafd35c0 Thread added: 0x0000025daafd35c0
Event: 2178.105 Thread 0x0000025daafd7580 Thread added: 0x0000025daafd7580
Event: 2178.144 Thread 0x0000025daafd7580 Thread exited: 0x0000025daafd7580
Event: 2179.306 Thread 0x0000025dab28c950 Thread exited: 0x0000025dab28c950
Event: 2179.306 Thread 0x0000025da85a0e00 Thread exited: 0x0000025da85a0e00
Event: 2179.571 Thread 0x0000025dab2178e0 Thread exited: 0x0000025dab2178e0
Event: 2179.816 Thread 0x0000025daafd9010 Thread added: 0x0000025daafd9010
Event: 2179.816 Thread 0x0000025daafd3b10 Thread added: 0x0000025daafd3b10
Event: 2179.817 Thread 0x0000025daafd8ac0 Thread added: 0x0000025daafd8ac0
Event: 2179.897 Thread 0x0000025daafd8ac0 Thread exited: 0x0000025daafd8ac0
Event: 2179.900 Thread 0x0000025daafd9010 Thread exited: 0x0000025daafd9010
Event: 2179.904 Thread 0x0000025daafd3b10 Thread exited: 0x0000025daafd3b10
Event: 2179.923 Thread 0x0000025daafd35c0 Thread exited: 0x0000025daafd35c0
Event: 2179.924 Thread 0x0000025daafd3070 Thread added: 0x0000025daafd3070
Event: 2182.723 Thread 0x0000025daafd5af0 Thread added: 0x0000025daafd5af0
Event: 2236.255 Thread 0x0000025da8bb2630 Thread exited: 0x0000025da8bb2630
Event: 2281.243 Thread 0x0000025da8bd66f0 Thread exited: 0x0000025da8bd66f0
Event: 2366.651 Thread 0x0000025daafd5af0 Thread exited: 0x0000025daafd5af0
Event: 2366.653 Thread 0x0000025daafd35c0 Thread added: 0x0000025daafd35c0


Dynamic libraries:
0x00007ff610020000 - 0x00007ff610030000 	C:\Program Files\Java\jdk-19\bin\javaw.exe
0x00007ffde76d0000 - 0x00007ffde78e4000 	C:\WINDOWS\SYSTEM32\ntdll.dll
0x00007ffde6fb0000 - 0x00007ffde7072000 	C:\WINDOWS\System32\KERNEL32.DLL
0x00007ffde4f20000 - 0x00007ffde52c3000 	C:\WINDOWS\System32\KERNELBASE.dll
0x00000000708f0000 - 0x0000000070c21000 	C:\Program Files\Norton Security\NortonData\22.21.3.48\Definitions\IPSDefs\20230714.062\IPSEng64.dll
0x00007ffde65c0000 - 0x00007ffde666e000 	C:\WINDOWS\System32\ADVAPI32.dll
0x00007ffde7080000 - 0x00007ffde7127000 	C:\WINDOWS\System32\msvcrt.dll
0x00007ffde75b0000 - 0x00007ffde7654000 	C:\WINDOWS\System32\sechost.dll
0x00007ffde5930000 - 0x00007ffde5a47000 	C:\WINDOWS\System32\RPCRT4.dll
0x00007ffde7210000 - 0x00007ffde7218000 	C:\WINDOWS\System32\PSAPI.DLL
0x00007ffde5390000 - 0x00007ffde54a1000 	C:\WINDOWS\System32\ucrtbase.dll
0x00007ffdcc7e0000 - 0x00007ffdcc7f8000 	C:\Program Files\Java\jdk-19\bin\jli.dll
0x00007ffdc74e0000 - 0x00007ffdc74fb000 	C:\Program Files\Java\jdk-19\bin\VCRUNTIME140.dll
0x00007ffde7400000 - 0x00007ffde75aa000 	C:\WINDOWS\System32\USER32.dll
0x00007ffde4ad0000 - 0x00007ffde4af6000 	C:\WINDOWS\System32\win32u.dll
0x00007ffde6910000 - 0x00007ffde6939000 	C:\WINDOWS\System32\GDI32.dll
0x00007ffde4b00000 - 0x00007ffde4c19000 	C:\WINDOWS\System32\gdi32full.dll
0x00007ffdca360000 - 0x00007ffdca5ee000 	C:\WINDOWS\WinSxS\amd64_microsoft.windows.common-controls_6595b64144ccf1df_6.0.22621.1635_none_270f70857386168e\COMCTL32.dll
0x00007ffde4e10000 - 0x00007ffde4eaa000 	C:\WINDOWS\System32\msvcp_win.dll
0x00007ffdd4a00000 - 0x00007ffdd4a0a000 	C:\WINDOWS\SYSTEM32\VERSION.dll
0x00007ffde6dd0000 - 0x00007ffde6e01000 	C:\WINDOWS\System32\IMM32.DLL
0x00007ffdcf4d0000 - 0x00007ffdcf4dc000 	C:\Program Files\Java\jdk-19\bin\vcruntime140_1.dll
0x00007ffdc66e0000 - 0x00007ffdc676e000 	C:\Program Files\Java\jdk-19\bin\msvcp140.dll
0x00007ffd88af0000 - 0x00007ffd897b0000 	C:\Program Files\Java\jdk-19\bin\server\jvm.dll
0x00007ffdbc310000 - 0x00007ffdbc319000 	C:\WINDOWS\SYSTEM32\WSOCK32.dll
0x00007ffde6670000 - 0x00007ffde66e1000 	C:\WINDOWS\System32\WS2_32.dll
0x00007ffdd9600000 - 0x00007ffdd9634000 	C:\WINDOWS\SYSTEM32\WINMM.dll
0x00007ffde3bc0000 - 0x00007ffde3bd8000 	C:\WINDOWS\SYSTEM32\kernel.appcore.dll
0x00007ffddaae0000 - 0x00007ffddaaea000 	C:\Program Files\Java\jdk-19\bin\jimage.dll
0x00007ffddabe0000 - 0x00007ffddae0e000 	C:\WINDOWS\SYSTEM32\DBGHELP.DLL
0x00007ffde6940000 - 0x00007ffde6cc9000 	C:\WINDOWS\System32\combase.dll
0x00007ffde5ad0000 - 0x00007ffde5ba7000 	C:\WINDOWS\System32\OLEAUT32.dll
0x00007ffdc2a40000 - 0x00007ffdc2a72000 	C:\WINDOWS\SYSTEM32\dbgcore.DLL
0x00007ffde4c20000 - 0x00007ffde4c9a000 	C:\WINDOWS\System32\bcryptPrimitives.dll
0x00007ffdc7a40000 - 0x00007ffdc7a66000 	C:\Program Files\Java\jdk-19\bin\java.dll
0x00007ffdc6c50000 - 0x00007ffdc6d27000 	C:\Program Files\Java\jdk-19\bin\jsvml.dll
0x00007ffde5dc0000 - 0x00007ffde65b9000 	C:\WINDOWS\System32\SHELL32.dll
0x00007ffde2a80000 - 0x00007ffde334e000 	C:\WINDOWS\SYSTEM32\windows.storage.dll
0x00007ffde2940000 - 0x00007ffde2a7e000 	C:\WINDOWS\SYSTEM32\wintypes.dll
0x00007ffde6cd0000 - 0x00007ffde6dc1000 	C:\WINDOWS\System32\SHCORE.dll
0x00007ffde68b0000 - 0x00007ffde690e000 	C:\WINDOWS\System32\shlwapi.dll
0x00007ffde4a00000 - 0x00007ffde4a26000 	C:\WINDOWS\SYSTEM32\profapi.dll
0x00007ffdc78b0000 - 0x00007ffdc78c3000 	C:\Program Files\Java\jdk-19\bin\net.dll
0x00007ffdd7840000 - 0x00007ffdd7977000 	C:\WINDOWS\SYSTEM32\WINHTTP.dll
0x00007ffde4030000 - 0x00007ffde4099000 	C:\WINDOWS\system32\mswsock.dll
0x00007ffdc7890000 - 0x00007ffdc78a6000 	C:\Program Files\Java\jdk-19\bin\nio.dll
0x00007ffdc7c60000 - 0x00007ffdc7c78000 	C:\Program Files\Java\jdk-19\bin\zip.dll
0x00007ffdcc760000 - 0x00007ffdcc76a000 	C:\Program Files\Java\jdk-19\bin\management.dll
0x00007ffdcab10000 - 0x00007ffdcab1b000 	C:\Program Files\Java\jdk-19\bin\management_ext.dll
0x00007ffd468a0000 - 0x00007ffd468b7000 	C:\WINDOWS\system32\napinsp.dll
0x00007ffd468c0000 - 0x00007ffd468db000 	C:\WINDOWS\system32\pnrpnsp.dll
0x00007ffde3690000 - 0x00007ffde3783000 	C:\WINDOWS\SYSTEM32\DNSAPI.dll
0x00007ffde3620000 - 0x00007ffde364d000 	C:\WINDOWS\SYSTEM32\IPHLPAPI.DLL
0x00007ffde5db0000 - 0x00007ffde5db9000 	C:\WINDOWS\System32\NSI.dll
0x00007ffd468e0000 - 0x00007ffd468f1000 	C:\WINDOWS\System32\winrnr.dll
0x00007ffdd7450000 - 0x00007ffdd7465000 	C:\WINDOWS\system32\wshbth.dll
0x00007ffd6d3c0000 - 0x00007ffd6d3e1000 	C:\WINDOWS\system32\nlansp_c.dll
0x0000000073aa0000 - 0x0000000073ac6000 	C:\Program Files\Bonjour\mdnsNSP.dll
0x00007ffdd49e0000 - 0x00007ffdd49ea000 	C:\Windows\System32\rasadhlp.dll
0x00007ffdd4ff0000 - 0x00007ffdd5074000 	C:\WINDOWS\System32\fwpuclnt.dll
0x00007ffde4350000 - 0x00007ffde436b000 	C:\WINDOWS\SYSTEM32\CRYPTSP.dll
0x00007ffde3b30000 - 0x00007ffde3b65000 	C:\WINDOWS\system32\rsaenh.dll
0x00007ffde40d0000 - 0x00007ffde40fc000 	C:\WINDOWS\SYSTEM32\USERENV.dll
0x00007ffde4480000 - 0x00007ffde44a8000 	C:\WINDOWS\SYSTEM32\bcrypt.dll
0x00007ffde4330000 - 0x00007ffde433c000 	C:\WINDOWS\SYSTEM32\CRYPTBASE.dll
0x00007ffdd7800000 - 0x00007ffdd7819000 	C:\WINDOWS\SYSTEM32\dhcpcsvc6.DLL
0x00007ffdd77e0000 - 0x00007ffdd77ff000 	C:\WINDOWS\SYSTEM32\dhcpcsvc.DLL
0x00007ffdc78e0000 - 0x00007ffdc78e8000 	C:\Program Files\Java\jdk-19\bin\extnet.dll
0x00007ffdd9660000 - 0x00007ffdd9670000 	C:\Program Files\Java\jdk-19\bin\verify.dll
0x00007ffdcf860000 - 0x00007ffdcf86e000 	C:\Program Files\Java\jdk-19\bin\sunmscapi.dll
0x00007ffde4ca0000 - 0x00007ffde4e07000 	C:\WINDOWS\System32\CRYPT32.dll
0x00007ffde4450000 - 0x00007ffde447e000 	C:\WINDOWS\SYSTEM32\ncrypt.dll
0x00007ffde4410000 - 0x00007ffde4447000 	C:\WINDOWS\SYSTEM32\NTASN1.dll
0x00007ffdc3260000 - 0x00007ffdc3268000 	C:\WINDOWS\system32\wshunix.dll

dbghelp: loaded successfully - version: 4.0.5 - missing functions: none
symbol engine: initialized successfully - sym options: 0x614 - pdb path: .;C:\Program Files\Java\jdk-19\bin;C:\WINDOWS\SYSTEM32;C:\Program Files\Norton Security\NortonData\22.21.3.48\Definitions\IPSDefs\20230714.062;C:\WINDOWS\WinSxS\amd64_microsoft.windows.common-controls_6595b64144ccf1df_6.0.22621.1635_none_270f70857386168e;C:\Program Files\Java\jdk-19\bin\server;C:\Program Files\Bonjour

VM Arguments:
jvm_args: -Dcom.sun.management.jmxremote -Dcom.sun.management.jmxremote.port=59645 -Dcom.sun.management.jmxremote.authenticate=false -Dcom.sun.management.jmxremote.ssl=false -Djava.rmi.server.hostname=localhost -Dspring.jmx.enabled=true -Dmanagement.endpoints.jmx.exposure.include=* -Dspring.application.admin.enabled=true -XX:TieredStopAtLevel=1 -Dspring.boot.project.name=mmsystem -Dfile.encoding=UTF-8 -XX:+ShowCodeDetailsInExceptionMessages 
java_command: com.mmsystem.property.MmsystemApplication --spring.output.ansi.enabled=always
java_class_path (initial): C:\Users\gosay\git\repository\mmsystem\target\classes;C:\Users\gosay\.m2\repository\org\apache\commons\commons-lang3\3.12.0\commons-lang3-3.12.0.jar;C:\Users\gosay\.m2\repository\org\springframework\boot\spring-boot-starter-web\3.0.6\spring-boot-starter-web-3.0.6.jar;C:\Users\gosay\.m2\repository\org\springframework\boot\spring-boot-starter-json\3.0.6\spring-boot-starter-json-3.0.6.jar;C:\Users\gosay\.m2\repository\com\fasterxml\jackson\datatype\jackson-datatype-jdk8\2.14.2\jackson-datatype-jdk8-2.14.2.jar;C:\Users\gosay\.m2\repository\com\fasterxml\jackson\datatype\jackson-datatype-jsr310\2.14.2\jackson-datatype-jsr310-2.14.2.jar;C:\Users\gosay\.m2\repository\com\fasterxml\jackson\module\jackson-module-parameter-names\2.14.2\jackson-module-parameter-names-2.14.2.jar;C:\Users\gosay\.m2\repository\org\springframework\boot\spring-boot-starter-tomcat\3.0.6\spring-boot-starter-tomcat-3.0.6.jar;C:\Users\gosay\.m2\repository\org\apache\tomcat\embed\tomcat-embed-core\10.1.8\tomcat-embed-core-10.1.8.jar;C:\Users\gosay\.m2\repository\org\apache\tomcat\embed\tomcat-embed-websocket\10.1.8\tomcat-embed-websocket-10.1.8.jar;C:\Users\gosay\.m2\repository\org\springframework\spring-web\6.0.8\spring-web-6.0.8.jar;C:\Users\gosay\.m2\repository\org\springframework\spring-beans\6.0.8\spring-beans-6.0.8.jar;C:\Users\gosay\.m2\repository\io\micrometer\micrometer-observation\1.10.6\micrometer-observation-1.10.6.jar;C:\Users\gosay\.m2\repository\io\micrometer\micrometer-commons\1.10.6\micrometer-commons-1.10.6.jar;C:\Users\gosay\.m2\repository\org\springframework\spring-webmvc\6.0.8\spring-webmvc-6.0.8.jar;C:\Users\gosay\.m2\repository\org\springframework\spring-expression\6.0.8\spring-expression-6.0.8.jar;C:\Users\gosay\.m2\repository\org\springframework\boot\spring-boot-starter\3.0.6\spring-boot-starter-3.0.6.jar;C:\Users\gosay\.m2\repository\org\springframework\boot\spring-boot\3.0.6\spring-boot-3.0.6.jar;C:\Users\gosay\.m2\repository\org\springframework\boot\spring-boot-autoconfigure\3.0.6\spring-boot-autoconfigure-3.0.6.jar;C:\Users\gosay\.m2\repository\jakarta\annotation\jakarta.annotation-api\2.1.1\jakarta.annotation-api-2.1.1.jar;C:\Users\gosay\.m2\repository\org\springframework\spring-core\6.0.8\spring-core-6.0.8.jar;C:\Users\gosay\.m2\repository\org\springframework\spring-jcl\6.0.8\spring-jcl-6.0.8.jar;C:\Users\gosay\.m2\repository\org\yaml\snakeyaml\1.33\snakeyaml-1.33.jar;C:\Users\gosay\.m2\repository\org\springframework\boot\spring-boot-starter-log4j2\3.0.6\spring-boot-starter-log4j2-3.0.6.jar;C:\Users\gosay\.m2\repository\org\apache\logging\log4j\log4j-slf4j2-impl\2.19.0\log4j-slf4j2-impl-2.19.0.jar;C:\Users\gosay\.m2\repository\org\slf4j\slf4j-api\2.0.7\slf4j-api-2.0.7.jar;C:\Users\gosay\.m2\repository\org\apache\logging\log4j\log4j-core\2.19.0\log4j-core-2.19.0.jar;C:\Users\gosay\.m2\repository\org\apache\logging\log4j\log4j-jul\2.19.0\log4j-jul-2.19.0.jar;C:\Users\gosay\.m2\repository\org\apache\logging\log4j\log4j-spring-boot\2.19.0\log4j-spring-boot-2.19.0.jar;C:\Users\gosay\.m2\repository\org\springframework\spring-context\6.0.8\spring-context-6.0.8.jar;C:\Users\gosay\.m2\repository\org\springframework\spring-context-support\6.0.8\spring-context-support-6.0.8.jar;C:\Users\gosay\.m2\repository\commons-logging\commons-logging\1.2\commons-logging-1.2.jar;C:\Users\gosay\.m2\repository\org\apache\logging\log4j\log4j-api\2.19.0\log4j-api-2.19.0.jar;C:\Users\gosay\.m2\repository\org\springframework\boot\spring-boot-starter-data-jpa\3.0.6\spring-boot-starter-data-jpa-3.0.6.jar;C:\Users\gosay\.m2\repository\org\springframework\boot\spring-boot-starter-aop\3.0.6\spring-boot-starter-aop-3.0.6.jar;C:\Users\gosay\.m2\repository\org\aspectj\aspectjweaver\1.9.19\aspectjweaver-1.9.19.jar;C:\Users\gosay\.m2\repository\org\springframework\boot\spring-boot-starter-jdbc\3.0.6\spring-boot-starter-jdbc-3.0.6.jar;C:\Users\gosay\.m2\repository\com\zaxxer\HikariCP\5.0.1\HikariCP-5.0.1.jar;C:\Users\gosay\.m2\repository\org\springframework\spring-jdbc\6.0.8\spring-jdbc-6.0.8.jar;C:\Users\gosay\.m2\repository\org\hibernate\orm\hibernate-core\6.1.7.Final\hibernate-core-6.1.7.Final.jar;C:\Users\gosay\.m2\repository\jakarta\persistence\jakarta.persistence-api\3.1.0\jakarta.persistence-api-3.1.0.jar;C:\Users\gosay\.m2\repository\jakarta\transaction\jakarta.transaction-api\2.0.1\jakarta.transaction-api-2.0.1.jar;C:\Users\gosay\.m2\repository\org\jboss\logging\jboss-logging\3.5.0.Final\jboss-logging-3.5.0.Final.jar;C:\Users\gosay\.m2\repository\org\hibernate\common\hibernate-commons-annotations\6.0.6.Final\hibernate-commons-annotations-6.0.6.Final.jar;C:\Users\gosay\.m2\repository\org\jboss\jandex\2.4.2.Final\jandex-2.4.2.Final.jar;C:\Users\gosay\.m2\repository\com\fasterxml\classmate\1.5.1\classmate-1.5.1.jar;C:\Users\gosay\.m2\repository\net\bytebuddy\byte-buddy\1.12.23\byte-buddy-1.12.23.jar;C:\Users\gosay\.m2\repository\org\glassfish\jaxb\jaxb-runtime\4.0.2\jaxb-runtime-4.0.2.jar;C:\Users\gosay\.m2\repository\org\glassfish\jaxb\jaxb-core\4.0.2\jaxb-core-4.0.2.jar;C:\Users\gosay\.m2\repository\org\eclipse\angus\angus-activation\2.0.0\angus-activation-2.0.0.jar;C:\Users\gosay\.m2\repository\org\glassfish\jaxb\txw2\4.0.2\txw2-4.0.2.jar;C:\Users\gosay\.m2\repository\com\sun\istack\istack-commons-runtime\4.1.1\istack-commons-runtime-4.1.1.jar;C:\Users\gosay\.m2\repository\jakarta\inject\jakarta.inject-api\2.0.0\jakarta.inject-api-2.0.0.jar;C:\Users\gosay\.m2\repository\org\antlr\antlr4-runtime\4.10.1\antlr4-runtime-4.10.1.jar;C:\Users\gosay\.m2\repository\org\springframework\data\spring-data-jpa\3.0.5\spring-data-jpa-3.0.5.jar;C:\Users\gosay\.m2\repository\org\springframework\data\spring-data-commons\3.0.5\spring-data-commons-3.0.5.jar;C:\Users\gosay\.m2\repository\org\springframework\spring-orm\6.0.8\spring-orm-6.0.8.jar;C:\Users\gosay\.m2\repository\org\springframework\spring-tx\6.0.8\spring-tx-6.0.8.jar;C:\Users\gosay\.m2\repository\org\springframework\spring-aspects\6.0.8\spring-aspects-6.0.8.jar;C:\Users\gosay\.m2\repository\com\mysql\mysql-connector-j\8.0.31\mysql-connector-j-8.0.31.jar;C:\Users\gosay\.m2\repository\org\springframework\boot\spring-boot-devtools\3.0.6\spring-boot-devtools-3.0.6.jar;C:\Users\gosay\.m2\repository\org\projectlombok\lombok\1.18.26\lombok-1.18.26.jar;C:\Users\gosay\.m2\repository\org\mapstruct\mapstruct\1.5.3.Final\mapstruct-1.5.3.Final.jar;C:\Users\gosay\.m2\repository\org\springframework\boot\spring-boot-starter-security\3.0.6\spring-boot-starter-security-3.0.6.jar;C:\Users\gosay\.m2\repository\org\springframework\spring-aop\6.0.8\spring-aop-6.0.8.jar;C:\Users\gosay\.m2\repository\org\springframework\security\spring-security-config\6.0.3\spring-security-config-6.0.3.jar;C:\Users\gosay\.m2\repository\org\springframework\security\spring-security-web\6.0.3\spring-security-web-6.0.3.jar;C:\Users\gosay\.m2\repository\io\jsonwebtoken\jjwt-api\0.11.5\jjwt-api-0.11.5.jar;C:\Users\gosay\.m2\repository\io\jsonwebtoken\jjwt-impl\0.11.1\jjwt-impl-0.11.1.jar;C:\Users\gosay\.m2\repository\io\jsonwebtoken\jjwt-jackson\0.11.1\jjwt-jackson-0.11.1.jar;C:\Users\gosay\.m2\repository\com\fasterxml\jackson\core\jackson-databind\2.14.2\jackson-databind-2.14.2.jar;C:\Users\gosay\.m2\repository\com\fasterxml\jackson\core\jackson-annotations\2.14.2\jackson-annotations-2.14.2.jar;C:\Users\gosay\.m2\repository\com\fasterxml\jackson\core\jackson-core\2.14.2\jackson-core-2.14.2.jar;C:\Users\gosay\.m2\repository\org\springframework\boot\spring-boot-starter-oauth2-resource-server\3.0.6\spring-boot-starter-oauth2-resource-server-3.0.6.jar;C:\Users\gosay\.m2\repository\org\springframework\security\spring-security-core\6.0.3\spring-security-core-6.0.3.jar;C:\Users\gosay\.m2\repository\org\springframework\security\spring-security-crypto\6.0.3\spring-security-crypto-6.0.3.jar;C:\Users\gosay\.m2\repository\org\springframework\security\spring-security-oauth2-resource-server\6.0.3\spring-security-oauth2-resource-server-6.0.3.jar;C:\Users\gosay\.m2\repository\org\springframework\security\spring-security-oauth2-core\6.0.3\spring-security-oauth2-core-6.0.3.jar;C:\Users\gosay\.m2\repository\org\springframework\security\spring-security-oauth2-jose\6.0.3\spring-security-oauth2-jose-6.0.3.jar;C:\Users\gosay\.m2\repository\com\nimbusds\nimbus-jose-jwt\9.24.4\nimbus-jose-jwt-9.24.4.jar;C:\Users\gosay\.m2\repository\com\github\stephenc\jcip\jcip-annotations\1.0-1\jcip-annotations-1.0-1.jar;C:\Users\gosay\.m2\repository\org\springframework\boot\spring-boot-starter-validation\3.0.6\spring-boot-starter-validation-3.0.6.jar;C:\Users\gosay\.m2\repository\org\apache\tomcat\embed\tomcat-embed-el\10.1.8\tomcat-embed-el-10.1.8.jar;C:\Users\gosay\.m2\repository\org\hibernate\validator\hibernate-validator\8.0.0.Final\hibernate-validator-8.0.0.Final.jar;C:\Users\gosay\.m2\repository\jakarta\validation\jakarta.validation-api\3.0.2\jakarta.validation-api-3.0.2.jar;C:\Users\gosay\.m2\repository\jakarta\xml\bind\jakarta.xml.bind-api\4.0.0\jakarta.xml.bind-api-4.0.0.jar;C:\Users\gosay\.m2\repository\jakarta\activation\jakarta.activation-api\2.1.1\jakarta.activation-api-2.1.1.jar
Launcher Type: SUN_STANDARD

[Global flags]
     intx CICompilerCount                          = 4                                         {product} {ergonomic}
     uint ConcGCThreads                            = 3                                         {product} {ergonomic}
     uint G1ConcRefinementThreads                  = 10                                        {product} {ergonomic}
   size_t G1HeapRegionSize                         = 2097152                                   {product} {ergonomic}
    uintx GCDrainStackTargetSize                   = 64                                        {product} {ergonomic}
   size_t InitialHeapSize                          = 262144000                                 {product} {ergonomic}
     bool ManagementServer                         = true                                      {product} {command line}
   size_t MarkStackSize                            = 4194304                                   {product} {ergonomic}
   size_t MaxHeapSize                              = 4175429632                                {product} {ergonomic}
   size_t MaxNewSize                               = 2503999488                                {product} {ergonomic}
   size_t MinHeapDeltaBytes                        = 2097152                                   {product} {ergonomic}
   size_t MinHeapSize                              = 8388608                                   {product} {ergonomic}
    uintx NonProfiledCodeHeapSize                  = 0                                      {pd product} {ergonomic}
     bool ProfileInterpreter                       = false                                  {pd product} {command line}
    uintx ProfiledCodeHeapSize                     = 0                                      {pd product} {ergonomic}
     bool ShowCodeDetailsInExceptionMessages       = true                                   {manageable} {command line}
   size_t SoftMaxHeapSize                          = 4175429632                             {manageable} {ergonomic}
     intx TieredStopAtLevel                        = 1                                         {product} {command line}
     bool UseCompressedClassPointers               = true                           {product lp64_product} {ergonomic}
     bool UseCompressedOops                        = true                           {product lp64_product} {ergonomic}
     bool UseG1GC                                  = true                                      {product} {ergonomic}
     bool UseLargePagesIndividualAllocation        = false                                  {pd product} {ergonomic}

Logging:
Log output configuration:
 #0: stdout all=warning uptime,level,tags foldmultilines=false
 #1: stderr all=off uptime,level,tags foldmultilines=false

Environment Variables:
JAVA_HOME=C:\Program Files\Amazon Corretto\jdk17.0.7_7
PATH=C:/Program Files/Java/jdk-19/bin/server;C:/Program Files/Java/jdk-19/bin;C:\Program Files\Amazon Corretto\jdk17.0.7_7\bin;C:\Program Files\Common Files\Oracle\Java\javapath;C:\Windows\system32;C:\Windows;C:\Windows\System32\Wbem;C:\Windows\System32\WindowsPowerShell\v1.0\;C:\Windows\System32\OpenSSH\;C:\Program Files\Microsoft SQL Server\Client SDK\ODBC\130\Tools\Binn\;C:\Program Files (x86)\Microsoft SQL Server\140\Tools\Binn\;C:\Program Files\Microsoft SQL Server\140\Tools\Binn\;C:\Program Files\Microsoft SQL Server\140\DTS\Binn\;C:\Program Files (x86)\Microsoft SQL Server\150\DTS\Binn\;C:\Program Files\Azure Data Studio\bin;C:\Program Files\dotnet\;C:\Program Files\Microsoft SQL Server\130\Tools\Binn\;C:\Program Files\Microsoft SQL Server\Client SDK\ODBC\170\Tools\Binn\;C:\Program Files\Intel\WiFi\bin\;C:\Program Files\Common Files\Intel\WirelessCommon\;C:\Program Files\Microsoft SQL Server\150\Tools\Binn\;C:\Users\gosay\.dnx\bin;C:\Program Files\Microsoft DNX\Dnvm\;C:\Program Files\Docker\Docker\resources\bin;C:\Program Files (x86)\Microsoft SQL Server\110\DTS\Binn\;C:\Program Files (x86)\Microsoft SQL Server\120\DTS\Binn\;C:\Program Files (x86)\Microsoft SQL Server\130\DTS\Binn\;C:\Program Files (x86)\Microsoft SQL Server\140\DTS\Binn\;C:\Program Files (x86)\Microsoft SQL Server\160\DTS\Binn\;C:\WINDOWS\system32;C:\WINDOWS;C:\WINDOWS\System32\Wbem;C:\WINDOWS\System32\WindowsPowerShell\v1.0\;C:\WINDOWS\System32\OpenSSH\;C:\Program Files\Git\cmd;C:\Program Files (x86)\Common Files\Acronis\SnapAPI\;C:\Program Files (x86)\Common Files\Acronis\VirtualFile\;C:\Program Files (x86)\Common Files\Acronis\VirtualFile64\;C:\Program Files (x86)\Common Files\Acronis\FileProtector\;C:\Program Files (x86)\Common Files\Acronis\FileProtector64\;C:\Program Files\nodejs\;C:\Program Files\Amazon Corretto\jdk17.0.7_7\bin;C:\Users\gosay\apache-maven-3.9.1\bin;C:\Program Files\MySQL\MySQL Shell 8.0\bin\;C:\Users\gosay\AppData\Local\Microsoft\WindowsApps;C:\Users\gosay\AppData\Local\Programs\Microsoft VS Code\bin;C:\Program Files\Azure Data Studio\bin;C:\Users\gosay\.dotnet\tools;C:\Users\gosay\AppData\Local\Programs\Fiddler;C:\Users\gosay\.dotnet\tools;C:\Users\gosay\AppData\Local\GitHubDesktop\bin;C:\Users\gosay\AppData\Local\Microsoft\WindowsApps;C:\Users\gosay\AppData\Roaming\npm;C:\Program Files\JetBrains\IntelliJ IDEA Community Edition 2023.1\bin;;C:\WINDOWS\system32;
USERNAME=gosay
OS=Windows_NT
PROCESSOR_IDENTIFIER=Intel64 Family 6 Model 158 Stepping 10, GenuineIntel
TMP=C:\Users\gosay\AppData\Local\Temp
TEMP=C:\Users\gosay\AppData\Local\Temp



---------------  S Y S T E M  ---------------

OS:
 Windows 11 , 64 bit Build 22621 (10.0.22621.1928)
OS uptime: 3 days 9:26 hours
Hyper-V role detected

CPU: total 12 (initial active 12) (6 cores per cpu, 2 threads per core) family 6 model 158 stepping 10 microcode 0xde, cx8, cmov, fxsr, ht, mmx, 3dnowpref, sse, sse2, sse3, ssse3, sse4.1, sse4.2, popcnt, lzcnt, tsc, tscinvbit, avx, avx2, aes, erms, clmul, bmi1, bmi2, rtm, adx, fma, vzeroupper, clflush, clflushopt, hv, rdtscp

Memory: 4k page, system-wide physical 15926M (2463M free)
TotalPageFile size 45622M (AvailPageFile size 13399M)
current process WorkingSet (physical memory assigned to process): 295M, peak: 295M
current process commit charge ("private bytes"): 341M, peak: 380M

vm_info: Java HotSpot(TM) 64-Bit Server VM (19.0.1+10-21) for windows-amd64 JRE (19.0.1+10-21), built on 2022-09-14T12:45:06Z by "mach5one" with MS VC++ 17.1 (VS2022)

END.
